[14:18:59]	::1访问
[14:18:59]	::1获取博客列表
[14:19:40]	::1获取文章 id=0 标题：xml测试
[14:19:55]	::1访问
[14:19:55]	::1获取博客列表
[14:19:57]	::1获取文章 id=2 标题：哈哈哈哈哈
[14:20:8]	::1获取文章 id=1 标题：完美完美
[14:29:22]	::1访问
[14:29:22]	::1获取博客列表
[14:30:15]	::1访问
[14:30:15]	::1获取博客列表
[14:30:20]	::1获取文章 id=0 标题：xml测试
[14:30:22]	::1获取文章 id=0 标题：xml测试
[14:30:36]	::1获取文章 id=1 标题：完美完美
[14:30:38]	::1获取文章 id=2 标题：哈哈哈哈哈
[14:30:40]	::1获取文章 id=1 标题：完美完美
[14:30:43]	::1获取文章 id=0 标题：xml测试
[14:30:48]	::1获取文章 id=0 标题：xml测试
[14:30:50]	::1获取文章 id=0 标题：xml测试
[14:30:53]	::1获取文章 id=0 标题：xml测试
[14:30:55]	::1获取文章 id=1 标题：完美完美
[15:13:48]	::1访问
[15:13:48]	::1获取博客列表
[15:14:5]	::1获取评论 文章id:0
[15:21:36]	::1获取评论 文章id:0
[15:21:45]	::1获取评论 文章id:1
[15:21:48]	::1获取评论 文章id:5
[15:22:8]	::1获取评论 文章id:0
